<html>
<head>
<title>TestNG:  Calculator Test iOS</title>
<link href="../testng.css" rel="stylesheet" type="text/css" />
<link href="../my-testng.css" rel="stylesheet" type="text/css" />

<style type="text/css">
.log { display: none;} 
.stack-trace { display: none;} 
</style>
<script type="text/javascript">
<!--
function flip(e) {
  current = e.style.display;
  if (current == 'block') {
    e.style.display = 'none';
    return 0;
  }
  else {
    e.style.display = 'block';
    return 1;
  }
}

function toggleBox(szDivId, elem, msg1, msg2)
{
  var res = -1;  if (document.getElementById) {
    res = flip(document.getElementById(szDivId));
  }
  else if (document.all) {
    // this is the way old msie versions work
    res = flip(document.all[szDivId]);
  }
  if(elem) {
    if(res == 0) elem.innerHTML = msg1; else elem.innerHTML = msg2;
  }

}

function toggleAllBoxes() {
  if (document.getElementsByTagName) {
    d = document.getElementsByTagName('div');
    for (i = 0; i < d.length; i++) {
      if (d[i].className == 'log') {
        flip(d[i]);
      }
    }
  }
}

// -->
</script>

</head>
<body>
<h2 align='center'>Calculator Test iOS</h2><table border='1' align="center">
<tr>
<td>Tests passed/Failed/Skipped:</td><td>0/1/0</td>
</tr><tr>
<td>Started on:</td><td>Wed Apr 01 14:57:10 CDT 2020</td>
</tr>
<tr><td>Total time:</td><td>36 seconds (36044 ms)</td>
</tr><tr>
<td>Included groups:</td><td></td>
</tr><tr>
<td>Excluded groups:</td><td></td>
</tr>
</table><p/>
<small><i>(Hover the method name to see the test class name)</i></small><p/>
<table width='100%' border='1' class='invocation-failed'>
<tr><td colspan='4' align='center'><b>FAILED TESTS</b></td></tr>
<tr><td><b>Test method</b></td>
<td width="30%"><b>Exception</b></td>
<td width="10%"><b>Time (seconds)</b></td>
<td><b>Instance</b></td>
</tr>
<tr>
<td title='com.DemoTest.Tests.WebDemoTest.pageValidationRDC()'><b>pageValidationRDC</b><br>Test class: com.DemoTest.Tests.WebDemoTest<br>Parameters: iOS, 12.1, iPhone_SE_POC146 , public void com.DemoTest.Tests.WebDemoTest.pageValidationRDC(java.lang.String,java.lang.String,java.lang.String,java.lang.reflect.Method) throws java.net.MalformedURLException,java.rmi.UnexpectedException</td>
<td><div><pre>org.openqa.selenium.WebDriverException: An unknown server-side error occurred while processing the command. Original error: Unexpected identifier &apos;sauce&apos; (WARNING: The server did not provide any stacktrace information)
Command duration or timeout: 0 milliseconds
Build info: version: &apos;3.141.59&apos;, revision: &apos;e82be7d358&apos;, time: &apos;2018-11-14T08:17:03&apos;
System info: host: &apos;SL-1246&apos;, ip: &apos;2600:1700:8e01:3f0:5816:c8fc:4fc3:90e5%en0&apos;, os.name: &apos;Mac OS X&apos;, os.arch: &apos;x86_64&apos;, os.version: &apos;10.14.6&apos;, java.version: &apos;13&apos;
Driver info: org.openqa.selenium.remote.RemoteWebDriver
Capabilities {automationName: XCUITest, browserName: safari, commandTimeouts: {default: 60000}, databaseEnabled: false, deviceContextId: 0abfac79-8ddd-4a7a-82f7-085..., deviceName: 1821bc32f083af880742f84d5bf..., javascriptEnabled: true, locationContextEnabled: false, name: pageValidationRDC, networkConnectionEnabled: false, orientation: PORTRAIT, platform: MAC, platformName: MAC, platformVersion: 12.1.4, realDevice: true, takesScreenshot: true, testobject_device: iPhone_SE_POC146, testobject_device_name: iPhone SE, testobject_device_session_id: 4b994c11-4238-49d1-ade0-205..., testobject_platform_name: iOS, testobject_project_id: saucelabs-default, testobject_test_name: pageValidationRDC, testobject_test_report_api_url: https://api.us-west-1.sauce..., testobject_test_report_id: 17, testobject_test_report_url: https://app.saucelabs.com/t..., testobject_user_id: iflanagan, udid: 1821bc32f083af880742f84d5bf..., webDriverAgentUrl: http://10.101.24.19:5707, webStorageEnabled: false}
Session ID: bfd0492f-422e-44e3-a05b-874495ed113d
	at org.openqa.selenium.remote.ErrorHandler.createThrowable(ErrorHandler.java:214)
	at org.openqa.selenium.remote.ErrorHandler.throwIfResponseFailed(ErrorHandler.java:166)
	at org.openqa.selenium.remote.http.JsonHttpResponseCodec.reconstructValue(JsonHttpResponseCodec.java:40)
	at org.openqa.selenium.remote.http.AbstractHttpResponseCodec.decode(AbstractHttpResponseCodec.java:80)
	at org.openqa.selenium.remote.http.AbstractHttpResponseCodec.decode(AbstractHttpResponseCodec.java:44)
	at org.openqa.selenium.remote.HttpCommandExecutor.execute(HttpCommandExecutor.java:158)
	at org.openqa.selenium.remote.RemoteWebDriver.execute(RemoteWebDriver.java:552)
	at org.openqa.selenium.remote.RemoteWebDriver.executeScript(RemoteWebDriver.java:489)
	at com.DemoTest.Tests.TestBase.annotate(TestBase.java:300)
	at com.DemoTest.Tests.WebDemoTest.pageValidationRDC(WebDemoTest.java:145)
	at java.base/java.util.concurrent.FutureTask.run(FutureTask.java:264)
	at java.base/java.util.concurrent.ThreadPoolExecutor.runWorker(ThreadPoolExecutor.java:1128)
	at java.base/java.util.concurrent.ThreadPoolExecutor$Worker.run(ThreadPoolExecutor.java:628)
	at java.base/java.lang.Thread.run(Thread.java:830)
... Removed 21 stack frames</pre></div><a href='#' onClick='toggleBox("stack-trace1144336819", this, "Click to show all stack frames", "Click to hide stack frames")'>Click to show all stack frames</a>
<div class='stack-trace' id='stack-trace1144336819'><pre>org.openqa.selenium.WebDriverException: An unknown server-side error occurred while processing the command. Original error: Unexpected identifier &apos;sauce&apos; (WARNING: The server did not provide any stacktrace information)
Command duration or timeout: 0 milliseconds
Build info: version: &apos;3.141.59&apos;, revision: &apos;e82be7d358&apos;, time: &apos;2018-11-14T08:17:03&apos;
System info: host: &apos;SL-1246&apos;, ip: &apos;2600:1700:8e01:3f0:5816:c8fc:4fc3:90e5%en0&apos;, os.name: &apos;Mac OS X&apos;, os.arch: &apos;x86_64&apos;, os.version: &apos;10.14.6&apos;, java.version: &apos;13&apos;
Driver info: org.openqa.selenium.remote.RemoteWebDriver
Capabilities {automationName: XCUITest, browserName: safari, commandTimeouts: {default: 60000}, databaseEnabled: false, deviceContextId: 0abfac79-8ddd-4a7a-82f7-085..., deviceName: 1821bc32f083af880742f84d5bf..., javascriptEnabled: true, locationContextEnabled: false, name: pageValidationRDC, networkConnectionEnabled: false, orientation: PORTRAIT, platform: MAC, platformName: MAC, platformVersion: 12.1.4, realDevice: true, takesScreenshot: true, testobject_device: iPhone_SE_POC146, testobject_device_name: iPhone SE, testobject_device_session_id: 4b994c11-4238-49d1-ade0-205..., testobject_platform_name: iOS, testobject_project_id: saucelabs-default, testobject_test_name: pageValidationRDC, testobject_test_report_api_url: https://api.us-west-1.sauce..., testobject_test_report_id: 17, testobject_test_report_url: https://app.saucelabs.com/t..., testobject_user_id: iflanagan, udid: 1821bc32f083af880742f84d5bf..., webDriverAgentUrl: http://10.101.24.19:5707, webStorageEnabled: false}
Session ID: bfd0492f-422e-44e3-a05b-874495ed113d
	at java.base/jdk.internal.reflect.NativeConstructorAccessorImpl.newInstance0(Native Method)
	at java.base/jdk.internal.reflect.NativeConstructorAccessorImpl.newInstance(NativeConstructorAccessorImpl.java:62)
	at java.base/jdk.internal.reflect.DelegatingConstructorAccessorImpl.newInstance(DelegatingConstructorAccessorImpl.java:45)
	at java.base/java.lang.reflect.Constructor.newInstanceWithCaller(Constructor.java:500)
	at java.base/java.lang.reflect.Constructor.newInstance(Constructor.java:481)
	at org.openqa.selenium.remote.ErrorHandler.createThrowable(ErrorHandler.java:214)
	at org.openqa.selenium.remote.ErrorHandler.throwIfResponseFailed(ErrorHandler.java:166)
	at org.openqa.selenium.remote.http.JsonHttpResponseCodec.reconstructValue(JsonHttpResponseCodec.java:40)
	at org.openqa.selenium.remote.http.AbstractHttpResponseCodec.decode(AbstractHttpResponseCodec.java:80)
	at org.openqa.selenium.remote.http.AbstractHttpResponseCodec.decode(AbstractHttpResponseCodec.java:44)
	at org.openqa.selenium.remote.HttpCommandExecutor.execute(HttpCommandExecutor.java:158)
	at org.openqa.selenium.remote.RemoteWebDriver.execute(RemoteWebDriver.java:552)
	at org.openqa.selenium.remote.RemoteWebDriver.executeScript(RemoteWebDriver.java:489)
	at com.DemoTest.Tests.TestBase.annotate(TestBase.java:300)
	at com.DemoTest.Tests.WebDemoTest.pageValidationRDC(WebDemoTest.java:145)
	at java.base/jdk.internal.reflect.NativeMethodAccessorImpl.invoke0(Native Method)
	at java.base/jdk.internal.reflect.NativeMethodAccessorImpl.invoke(NativeMethodAccessorImpl.java:62)
	at java.base/jdk.internal.reflect.DelegatingMethodAccessorImpl.invoke(DelegatingMethodAccessorImpl.java:43)
	at java.base/java.lang.reflect.Method.invoke(Method.java:567)
	at org.testng.internal.MethodInvocationHelper.invokeMethod(MethodInvocationHelper.java:86)
	at org.testng.internal.Invoker.invokeMethod(Invoker.java:643)
	at org.testng.internal.Invoker.invokeTestMethod(Invoker.java:820)
	at org.testng.internal.Invoker.invokeTestMethods(Invoker.java:1128)
	at org.testng.internal.TestMethodWorker.invokeTestMethods(TestMethodWorker.java:129)
	at org.testng.internal.TestMethodWorker.run(TestMethodWorker.java:112)
	at org.testng.TestRunner.privateRun(TestRunner.java:782)
	at org.testng.TestRunner.run(TestRunner.java:632)
	at org.testng.SuiteRunner.runTest(SuiteRunner.java:366)
	at org.testng.SuiteRunner.access$000(SuiteRunner.java:39)
	at org.testng.SuiteRunner$SuiteWorker.run(SuiteRunner.java:400)
	at org.testng.internal.thread.ThreadUtil$2.call(ThreadUtil.java:64)
	at java.base/java.util.concurrent.FutureTask.run(FutureTask.java:264)
	at java.base/java.util.concurrent.ThreadPoolExecutor.runWorker(ThreadPoolExecutor.java:1128)
	at java.base/java.util.concurrent.ThreadPoolExecutor$Worker.run(ThreadPoolExecutor.java:628)
	at java.base/java.lang.Thread.run(Thread.java:830)
</pre></div></td>
<td>29</td>
<td>com.DemoTest.Tests.WebDemoTest@5fcd892a</td></tr>
</table><p>
</body>
</html>