<?xml version="1.0" encoding="UTF-8"?>
<!-- Generated by org.testng.reporters.JUnitXMLReporter -->
<testsuite hostname="SL-1246" failures="1" tests="1" name="Calculator Test iOS" time="36.044" errors="0" timestamp="1 Apr 2020 19:57:46 GMT">
  <testcase classname="com.DemoTest.Tests.WebDemoTest" name="pageValidationRDC" time="29.262">
    <failure type="org.openqa.selenium.WebDriverException" message="An unknown server-side error occurred while processing the command. Original error: Unexpected identifier &amp;apos;sauce&amp;apos; (WARNING: The server did not provide any stacktrace information)
Command duration or timeout: 0 milliseconds
Build info: version: &amp;apos;3.141.59&amp;apos;, revision: &amp;apos;e82be7d358&amp;apos;, time: &amp;apos;2018-11-14T08:17:03&amp;apos;
System info: host: &amp;apos;SL-1246&amp;apos;, ip: &amp;apos;2600:1700:8e01:3f0:5816:c8fc:4fc3:90e5%en0&amp;apos;, os.name: &amp;apos;Mac OS X&amp;apos;, os.arch: &amp;apos;x86_64&amp;apos;, os.version: &amp;apos;10.14.6&amp;apos;, java.version: &amp;apos;13&amp;apos;
Driver info: org.openqa.selenium.remote.RemoteWebDriver
Capabilities {automationName: XCUITest, browserName: safari, commandTimeouts: {default: 60000}, databaseEnabled: false, deviceContextId: 0abfac79-8ddd-4a7a-82f7-085..., deviceName: 1821bc32f083af880742f84d5bf..., javascriptEnabled: true, locationContextEnabled: false, name: pageValidationRDC, networkConnectionEnabled: false, orientation: PORTRAIT, platform: MAC, platformName: MAC, platformVersion: 12.1.4, realDevice: true, takesScreenshot: true, testobject_device: iPhone_SE_POC146, testobject_device_name: iPhone SE, testobject_device_session_id: 4b994c11-4238-49d1-ade0-205..., testobject_platform_name: iOS, testobject_project_id: saucelabs-default, testobject_test_name: pageValidationRDC, testobject_test_report_api_url: https://api.us-west-1.sauce..., testobject_test_report_id: 17, testobject_test_report_url: https://app.saucelabs.com/t..., testobject_user_id: iflanagan, udid: 1821bc32f083af880742f84d5bf..., webDriverAgentUrl: http://10.101.24.19:5707, webStorageEnabled: false}
Session ID: bfd0492f-422e-44e3-a05b-874495ed113d">
      <![CDATA[org.openqa.selenium.WebDriverException: An unknown server-side error occurred while processing the command. Original error: Unexpected identifier 'sauce' (WARNING: The server did not provide any stacktrace information)
Command duration or timeout: 0 milliseconds
Build info: version: '3.141.59', revision: 'e82be7d358', time: '2018-11-14T08:17:03'
System info: host: 'SL-1246', ip: '2600:1700:8e01:3f0:5816:c8fc:4fc3:90e5%en0', os.name: 'Mac OS X', os.arch: 'x86_64', os.version: '10.14.6', java.version: '13'
Driver info: org.openqa.selenium.remote.RemoteWebDriver
Capabilities {automationName: XCUITest, browserName: safari, commandTimeouts: {default: 60000}, databaseEnabled: false, deviceContextId: 0abfac79-8ddd-4a7a-82f7-085..., deviceName: 1821bc32f083af880742f84d5bf..., javascriptEnabled: true, locationContextEnabled: false, name: pageValidationRDC, networkConnectionEnabled: false, orientation: PORTRAIT, platform: MAC, platformName: MAC, platformVersion: 12.1.4, realDevice: true, takesScreenshot: true, testobject_device: iPhone_SE_POC146, testobject_device_name: iPhone SE, testobject_device_session_id: 4b994c11-4238-49d1-ade0-205..., testobject_platform_name: iOS, testobject_project_id: saucelabs-default, testobject_test_name: pageValidationRDC, testobject_test_report_api_url: https://api.us-west-1.sauce..., testobject_test_report_id: 17, testobject_test_report_url: https://app.saucelabs.com/t..., testobject_user_id: iflanagan, udid: 1821bc32f083af880742f84d5bf..., webDriverAgentUrl: http://10.101.24.19:5707, webStorageEnabled: false}
Session ID: bfd0492f-422e-44e3-a05b-874495ed113d
	at org.openqa.selenium.remote.ErrorHandler.createThrowable(ErrorHandler.java:214)
	at org.openqa.selenium.remote.ErrorHandler.throwIfResponseFailed(ErrorHandler.java:166)
	at org.openqa.selenium.remote.http.JsonHttpResponseCodec.reconstructValue(JsonHttpResponseCodec.java:40)
	at org.openqa.selenium.remote.http.AbstractHttpResponseCodec.decode(AbstractHttpResponseCodec.java:80)
	at org.openqa.selenium.remote.http.AbstractHttpResponseCodec.decode(AbstractHttpResponseCodec.java:44)
	at org.openqa.selenium.remote.HttpCommandExecutor.execute(HttpCommandExecutor.java:158)
	at org.openqa.selenium.remote.RemoteWebDriver.execute(RemoteWebDriver.java:552)
	at org.openqa.selenium.remote.RemoteWebDriver.executeScript(RemoteWebDriver.java:489)
	at com.DemoTest.Tests.TestBase.annotate(TestBase.java:300)
	at com.DemoTest.Tests.WebDemoTest.pageValidationRDC(WebDemoTest.java:145)
	at java.base/java.util.concurrent.FutureTask.run(FutureTask.java:264)
	at java.base/java.util.concurrent.ThreadPoolExecutor.runWorker(ThreadPoolExecutor.java:1128)
	at java.base/java.util.concurrent.ThreadPoolExecutor$Worker.run(ThreadPoolExecutor.java:628)
	at java.base/java.lang.Thread.run(Thread.java:830)
... Removed 21 stack frames]]>
    </failure>
  </testcase> <!-- pageValidationRDC -->
</testsuite> <!-- Calculator Test iOS -->
